<?xml version="1.0" encoding="UTF-8"?>
<!-- Generated by org.testng.reporters.JUnitReportReporter -->
<testsuite skipped="0" hostname="Davidoff" name="todoApp.todosTest" tests="7" failures="0" timestamp="17 אוג 2021 11:16:12 GMT" time="9.560" errors="0">
  <testcase name="test02_filterCompleted" time="1.373" classname="todoApp.todosTest"/>
  <testcase name="test03_filterActive" time="1.127" classname="todoApp.todosTest"/>
  <testcase name="test04_clearComplete" time="1.437" classname="todoApp.todosTest"/>
  <testcase name="test05_itemsLeft" time="1.263" classname="todoApp.todosTest"/>
  <testcase name="test07_deleteIteme" time="1.245" classname="todoApp.todosTest"/>
  <testcase name="test01_creatItems" time="1.239" classname="todoApp.todosTest"/>
  <testcase name="test06_renameIteme" time="1.876" classname="todoApp.todosTest"/>
</testsuite> <!-- todoApp.todosTest -->
