<?xml version="1.0" encoding="UTF-8"?>
<!-- Generated by org.testng.reporters.JUnitReportReporter -->
<testsuite skipped="0" hostname="Davidoff" name="todoApp.todosTest" tests="1" failures="0" timestamp="16 אוג 2021 18:39:01 GMT" time="0.409" errors="0">
  <testcase name="test01_creatItems" time="0.409" classname="todoApp.todosTest"/>
</testsuite> <!-- todoApp.todosTest -->
